2018-03-07 07:17:44 INFO  Class:58 - =========== Starting verifyLoginWithvalidCredentials=======
2018-03-07 07:17:48 INFO  Class:72 -  Clicked on Sign in[[ChromeDriver: chrome on XP (7f74dc8c0848172e04d37355918039c4)] -> xpath: //A[@class='login']]
2018-03-07 07:17:49 INFO  Class:72 -  Entered the email addresssmanickarajanskf@gmail.com object is [[ChromeDriver: chrome on XP (7f74dc8c0848172e04d37355918039c4)] -> xpath: //INPUT[@id='email']]
2018-03-07 07:17:49 INFO  Class:72 -  Entered the email addresssubrajsub object is [[ChromeDriver: chrome on XP (7f74dc8c0848172e04d37355918039c4)] -> xpath: //INPUT[@id='passwd']]
2018-03-07 07:17:52 INFO  Class:72 -  Clicked on submit button
2018-03-07 07:17:54 INFO  Class:72 -  waited for 2 seconds
2018-03-07 07:17:57 INFO  Class:72 -  Clicked on signout button  
2018-03-07 07:17:59 INFO  Class:72 -  waited for 2 seconds
2018-03-07 07:17:59 INFO  Class:58 - =========== Ending verifyLoginWithvalidCredentials=======
2018-03-07 07:17:59 INFO  Class:135 - test success
2018-03-07 07:17:59 INFO  Class:135 - test failure
2018-03-07 07:28:28 INFO  Class:58 - =========== Starting verifyLoginWithvalidCredentials=======
2018-03-07 07:28:33 INFO  Class:72 -  Clicked on Sign in[[ChromeDriver: chrome on XP (857b2d97747ec424608a7049eb756763)] -> xpath: //A[@class='login']]
2018-03-07 07:28:33 INFO  Class:72 -  Entered the email addresssmanickarajanskf@gmail.com object is [[ChromeDriver: chrome on XP (857b2d97747ec424608a7049eb756763)] -> xpath: //INPUT[@id='email']]
2018-03-07 07:28:34 INFO  Class:72 -  Entered the email addresssubrajsub object is [[ChromeDriver: chrome on XP (857b2d97747ec424608a7049eb756763)] -> xpath: //INPUT[@id='passwd']]
2018-03-07 07:28:36 INFO  Class:72 -  Clicked on submit button
2018-03-07 07:28:38 INFO  Class:72 -  waited for 2 seconds
2018-03-07 07:28:42 INFO  Class:72 -  Clicked on signout button  
2018-03-07 07:28:44 INFO  Class:72 -  waited for 2 seconds
2018-03-07 07:28:44 INFO  Class:58 - =========== Ending verifyLoginWithvalidCredentials=======
2018-03-07 07:28:44 INFO  Class:58 - =========== Starting verifyLoginWithvalidCredentials=======
2018-03-07 07:28:48 INFO  Class:72 -  Clicked on Sign in[[ChromeDriver: chrome on XP (857b2d97747ec424608a7049eb756763)] -> xpath: //A[@class='login']]
2018-03-07 07:28:48 INFO  Class:72 -  Entered the email addressabc5@gmail.com object is [[ChromeDriver: chrome on XP (857b2d97747ec424608a7049eb756763)] -> xpath: //INPUT[@id='email']]
2018-03-07 07:28:48 INFO  Class:72 -  Entered the email addresswelcome object is [[ChromeDriver: chrome on XP (857b2d97747ec424608a7049eb756763)] -> xpath: //INPUT[@id='passwd']]
2018-03-07 07:28:50 INFO  Class:72 -  Clicked on submit button
2018-03-07 07:28:52 INFO  Class:72 -  waited for 2 seconds
2018-03-07 07:28:56 INFO  Class:72 -  Clicked on signout button  
2018-03-07 07:28:58 INFO  Class:72 -  waited for 2 seconds
2018-03-07 07:28:58 INFO  Class:58 - =========== Ending verifyLoginWithvalidCredentials=======
2018-03-07 07:28:58 INFO  Class:58 - =========== Starting verifyLoginWithvalidCredentials=======
2018-03-07 07:29:01 INFO  Class:72 -  Clicked on Sign in[[ChromeDriver: chrome on XP (857b2d97747ec424608a7049eb756763)] -> xpath: //A[@class='login']]
2018-03-07 07:29:01 INFO  Class:72 -  Entered the email addressxyz7@gmail.com object is [[ChromeDriver: chrome on XP (857b2d97747ec424608a7049eb756763)] -> xpath: //INPUT[@id='email']]
2018-03-07 07:29:01 INFO  Class:72 -  Entered the email addresswelcome2 object is [[ChromeDriver: chrome on XP (857b2d97747ec424608a7049eb756763)] -> xpath: //INPUT[@id='passwd']]
2018-03-07 07:29:04 INFO  Class:72 -  Clicked on submit button
2018-03-07 07:29:06 INFO  Class:72 -  waited for 2 seconds
2018-03-07 07:29:10 INFO  Class:72 -  Clicked on signout button  
2018-03-07 07:29:12 INFO  Class:72 -  waited for 2 seconds
2018-03-07 07:29:12 INFO  Class:58 - =========== Ending verifyLoginWithvalidCredentials=======
2018-03-07 08:05:49 INFO  Class:58 - =========== Starting verifyLoginWithvalidCredentials=======
2018-03-07 08:05:52 INFO  Class:72 -  Clicked on Sign in[[ChromeDriver: chrome on XP (f5a9d2d4d036359fec3b5fe3f1363e56)] -> xpath: //A[@class='login']]
2018-03-07 08:05:52 INFO  Class:72 -  Entered the email addresssmanickarajanskf@gmail.com object is [[ChromeDriver: chrome on XP (f5a9d2d4d036359fec3b5fe3f1363e56)] -> xpath: //INPUT[@id='email']]
2018-03-07 08:05:53 INFO  Class:72 -  Entered the email addresssubrajsub object is [[ChromeDriver: chrome on XP (f5a9d2d4d036359fec3b5fe3f1363e56)] -> xpath: //INPUT[@id='passwd']]
2018-03-07 08:05:55 INFO  Class:72 -  Clicked on submit button
2018-03-07 08:05:57 INFO  Class:72 -  waited for 2 seconds
2018-03-07 08:06:01 INFO  Class:72 -  Clicked on signout button  
2018-03-07 08:06:03 INFO  Class:72 -  waited for 2 seconds
2018-03-07 08:06:03 INFO  Class:58 - =========== Ending verifyLoginWithvalidCredentials=======
2018-03-07 08:06:03 INFO  Class:135 - test success
2018-03-07 08:06:03 INFO  Class:58 - =========== Starting verifyLoginWithvalidCredentials=======
2018-03-07 08:06:06 INFO  Class:72 -  Clicked on Sign in[[ChromeDriver: chrome on XP (f5a9d2d4d036359fec3b5fe3f1363e56)] -> xpath: //A[@class='login']]
2018-03-07 08:06:06 INFO  Class:72 -  Entered the email addressabc5@gmail.com object is [[ChromeDriver: chrome on XP (f5a9d2d4d036359fec3b5fe3f1363e56)] -> xpath: //INPUT[@id='email']]
2018-03-07 08:06:06 INFO  Class:72 -  Entered the email addresswelcome object is [[ChromeDriver: chrome on XP (f5a9d2d4d036359fec3b5fe3f1363e56)] -> xpath: //INPUT[@id='passwd']]
2018-03-07 08:06:08 INFO  Class:72 -  Clicked on submit button
2018-03-07 08:06:10 INFO  Class:72 -  waited for 2 seconds
2018-03-07 08:06:14 INFO  Class:72 -  Clicked on signout button  
2018-03-07 08:06:16 INFO  Class:72 -  waited for 2 seconds
2018-03-07 08:06:16 INFO  Class:58 - =========== Ending verifyLoginWithvalidCredentials=======
2018-03-07 08:06:16 INFO  Class:135 - test success
2018-03-07 08:06:17 INFO  Class:58 - =========== Starting verifyLoginWithvalidCredentials=======
2018-03-07 08:06:20 INFO  Class:72 -  Clicked on Sign in[[ChromeDriver: chrome on XP (f5a9d2d4d036359fec3b5fe3f1363e56)] -> xpath: //A[@class='login']]
2018-03-07 08:06:20 INFO  Class:72 -  Entered the email addressxyz7@gmail.com object is [[ChromeDriver: chrome on XP (f5a9d2d4d036359fec3b5fe3f1363e56)] -> xpath: //INPUT[@id='email']]
2018-03-07 08:06:21 INFO  Class:72 -  Entered the email addresswelcome2 object is [[ChromeDriver: chrome on XP (f5a9d2d4d036359fec3b5fe3f1363e56)] -> xpath: //INPUT[@id='passwd']]
2018-03-07 08:06:23 INFO  Class:72 -  Clicked on submit button
2018-03-07 08:06:25 INFO  Class:72 -  waited for 2 seconds
2018-03-07 08:06:29 INFO  Class:72 -  Clicked on signout button  
2018-03-07 08:06:31 INFO  Class:72 -  waited for 2 seconds
2018-03-07 08:06:31 INFO  Class:58 - =========== Ending verifyLoginWithvalidCredentials=======
2018-03-07 08:06:31 INFO  Class:135 - test success
2018-03-07 08:08:01 INFO  Class:58 - =========== Starting verifyLoginWithvalidCredentials=======
2018-03-07 08:09:01 INFO  Class:40 - Retrying Test verifyLoginWithvalidCredentials with status FAIL for thtrye 1 time(s) 
2018-03-07 08:09:01 INFO  Class:58 - =========== Starting verifyLoginWithvalidCredentials=======
2018-03-07 08:10:01 INFO  Class:40 - Retrying Test verifyLoginWithvalidCredentials with status FAIL for thtrye 2 time(s) 
2018-03-07 08:10:01 INFO  Class:58 - =========== Starting verifyLoginWithvalidCredentials=======
2018-03-07 08:11:01 INFO  Class:40 - Retrying Test verifyLoginWithvalidCredentials with status FAIL for thtrye 3 time(s) 
2018-03-07 08:11:02 INFO  Class:58 - =========== Starting verifyLoginWithvalidCredentials=======
2018-03-07 08:12:02 INFO  Class:135 - test failure
2018-03-07 08:12:03 INFO  Class:58 - =========== Starting verifyLoginWithvalidCredentials=======
2018-03-07 08:13:03 INFO  Class:135 - test failure
2018-03-07 08:13:03 INFO  Class:58 - =========== Starting verifyLoginWithvalidCredentials=======
2018-03-08 10:00:07 INFO  Class:55 - =========== Starting verifyLoginWithvalidCredentials=======
2018-03-08 10:00:11 INFO  Class:72 -  Clicked on Sign in[[ChromeDriver: chrome on XP (b4fc1a4a5dd777e0084d7bc0d7741853)] -> xpath: //A[@class='login']]
2018-03-08 10:00:11 INFO  Class:72 -  Entered the email addresssmanickarajanskf@gmail.com object is [[ChromeDriver: chrome on XP (b4fc1a4a5dd777e0084d7bc0d7741853)] -> xpath: //INPUT[@id='email']]
2018-03-08 10:00:11 INFO  Class:72 -  Entered the email addresssubrajsub object is [[ChromeDriver: chrome on XP (b4fc1a4a5dd777e0084d7bc0d7741853)] -> xpath: //INPUT[@id='passwd']]
2018-03-08 10:00:14 INFO  Class:72 -  Clicked on submit button
2018-03-08 10:00:16 INFO  Class:72 -  waited for 2 seconds
2018-03-08 10:00:21 INFO  Class:72 -  Clicked on signout button  
2018-03-08 10:00:23 INFO  Class:72 -  waited for 2 seconds
2018-03-08 10:00:23 INFO  Class:55 - =========== Ending verifyLoginWithvalidCredentials=======
2018-03-08 10:00:23 INFO  Class:152 - test success
2018-03-08 10:00:23 INFO  Class:55 - =========== Starting verifyLoginWithvalidCredentials=======
2018-03-08 10:00:26 INFO  Class:72 -  Clicked on Sign in[[ChromeDriver: chrome on XP (b4fc1a4a5dd777e0084d7bc0d7741853)] -> xpath: //A[@class='login']]
2018-03-08 10:00:26 INFO  Class:72 -  Entered the email addressabc5@gmail.com object is [[ChromeDriver: chrome on XP (b4fc1a4a5dd777e0084d7bc0d7741853)] -> xpath: //INPUT[@id='email']]
2018-03-08 10:00:26 INFO  Class:72 -  Entered the email addresswelcome object is [[ChromeDriver: chrome on XP (b4fc1a4a5dd777e0084d7bc0d7741853)] -> xpath: //INPUT[@id='passwd']]
2018-03-08 10:00:29 INFO  Class:72 -  Clicked on submit button
2018-03-08 10:00:31 INFO  Class:72 -  waited for 2 seconds
2018-03-08 10:00:34 INFO  Class:72 -  Clicked on signout button  
2018-03-08 10:00:36 INFO  Class:72 -  waited for 2 seconds
2018-03-08 10:00:36 INFO  Class:55 - =========== Ending verifyLoginWithvalidCredentials=======
2018-03-08 10:00:36 INFO  Class:152 - test success
2018-03-08 10:00:37 INFO  Class:55 - =========== Starting verifyLoginWithvalidCredentials=======
2018-03-08 10:00:40 INFO  Class:72 -  Clicked on Sign in[[ChromeDriver: chrome on XP (b4fc1a4a5dd777e0084d7bc0d7741853)] -> xpath: //A[@class='login']]
2018-03-08 10:00:40 INFO  Class:72 -  Entered the email addressxyz7@gmail.com object is [[ChromeDriver: chrome on XP (b4fc1a4a5dd777e0084d7bc0d7741853)] -> xpath: //INPUT[@id='email']]
2018-03-08 10:00:40 INFO  Class:72 -  Entered the email addresswelcome2 object is [[ChromeDriver: chrome on XP (b4fc1a4a5dd777e0084d7bc0d7741853)] -> xpath: //INPUT[@id='passwd']]
2018-03-08 10:00:42 INFO  Class:72 -  Clicked on submit button
2018-03-08 10:00:44 INFO  Class:72 -  waited for 2 seconds
2018-03-08 10:00:48 INFO  Class:72 -  Clicked on signout button  
2018-03-08 10:00:50 INFO  Class:72 -  waited for 2 seconds
2018-03-08 10:00:50 INFO  Class:55 - =========== Ending verifyLoginWithvalidCredentials=======
2018-03-08 10:00:50 INFO  Class:152 - test success
2018-03-08 10:00:51 INFO  Class:209 - browser closed
2018-03-08 10:03:52 INFO  Class:55 - =========== Starting verifyLoginWithvalidCredentials=======
2018-03-08 10:03:56 INFO  Class:72 -  Clicked on Sign in[[ChromeDriver: chrome on XP (ed9eb49af6c734ae876d8356d8de158c)] -> xpath: //A[@class='login']]
2018-03-08 10:03:56 INFO  Class:72 -  Entered the email addresssmanickarajanskf@gmail.com object is [[ChromeDriver: chrome on XP (ed9eb49af6c734ae876d8356d8de158c)] -> xpath: //INPUT[@id='email']]
2018-03-08 10:03:56 INFO  Class:72 -  Entered the email addresssubrajsub object is [[ChromeDriver: chrome on XP (ed9eb49af6c734ae876d8356d8de158c)] -> xpath: //INPUT[@id='passwd']]
2018-03-08 10:03:58 INFO  Class:72 -  Clicked on submit button
2018-03-08 10:04:00 INFO  Class:72 -  waited for 2 seconds
2018-03-08 10:04:04 INFO  Class:72 -  Clicked on signout button  
2018-03-08 10:04:06 INFO  Class:72 -  waited for 2 seconds
2018-03-08 10:04:06 INFO  Class:55 - =========== Ending verifyLoginWithvalidCredentials=======
2018-03-08 10:04:06 INFO  Class:152 - test success
2018-03-08 10:04:06 INFO  Class:55 - =========== Starting verifyLoginWithvalidCredentials=======
2018-03-08 10:04:09 INFO  Class:72 -  Clicked on Sign in[[ChromeDriver: chrome on XP (ed9eb49af6c734ae876d8356d8de158c)] -> xpath: //A[@class='login']]
2018-03-08 10:04:10 INFO  Class:72 -  Entered the email addressabc5@gmail.com object is [[ChromeDriver: chrome on XP (ed9eb49af6c734ae876d8356d8de158c)] -> xpath: //INPUT[@id='email']]
2018-03-08 10:04:10 INFO  Class:72 -  Entered the email addresswelcome object is [[ChromeDriver: chrome on XP (ed9eb49af6c734ae876d8356d8de158c)] -> xpath: //INPUT[@id='passwd']]
2018-03-08 10:04:13 INFO  Class:72 -  Clicked on submit button
2018-03-08 10:04:15 INFO  Class:72 -  waited for 2 seconds
2018-03-08 10:04:18 INFO  Class:72 -  Clicked on signout button  
2018-03-08 10:04:20 INFO  Class:72 -  waited for 2 seconds
2018-03-08 10:04:20 INFO  Class:55 - =========== Ending verifyLoginWithvalidCredentials=======
2018-03-08 10:04:20 INFO  Class:152 - test success
2018-03-08 10:04:21 INFO  Class:55 - =========== Starting verifyLoginWithvalidCredentials=======
2018-03-08 10:04:24 INFO  Class:72 -  Clicked on Sign in[[ChromeDriver: chrome on XP (ed9eb49af6c734ae876d8356d8de158c)] -> xpath: //A[@class='login']]
2018-03-08 10:04:24 INFO  Class:72 -  Entered the email addressxyz7@gmail.com object is [[ChromeDriver: chrome on XP (ed9eb49af6c734ae876d8356d8de158c)] -> xpath: //INPUT[@id='email']]
2018-03-08 10:04:24 INFO  Class:72 -  Entered the email addresswelcome2 object is [[ChromeDriver: chrome on XP (ed9eb49af6c734ae876d8356d8de158c)] -> xpath: //INPUT[@id='passwd']]
2018-03-08 10:04:26 INFO  Class:72 -  Clicked on submit button
2018-03-08 10:04:28 INFO  Class:72 -  waited for 2 seconds
2018-03-08 10:04:33 INFO  Class:72 -  Clicked on signout button  
2018-03-08 10:04:35 INFO  Class:72 -  waited for 2 seconds
2018-03-08 10:04:35 INFO  Class:55 - =========== Ending verifyLoginWithvalidCredentials=======
2018-03-08 10:04:35 INFO  Class:152 - test success
2018-03-08 10:04:36 INFO  Class:209 - browser closed
2018-03-08 10:05:57 INFO  Class:55 - =========== Starting verifyLoginWithvalidCredentials=======
2018-03-08 10:06:01 INFO  Class:72 -  Clicked on Sign in[[ChromeDriver: chrome on XP (0022be8a7644042bdbb3550b1f65c4ec)] -> xpath: //A[@class='login']]
2018-03-08 10:06:01 INFO  Class:72 -  Entered the email addresssmanickarajanskf@gmail.com object is [[ChromeDriver: chrome on XP (0022be8a7644042bdbb3550b1f65c4ec)] -> xpath: //INPUT[@id='email']]
2018-03-08 10:06:02 INFO  Class:72 -  Entered the email addresssubrajsub object is [[ChromeDriver: chrome on XP (0022be8a7644042bdbb3550b1f65c4ec)] -> xpath: //INPUT[@id='passwd']]
2018-03-08 10:07:02 INFO  Class:40 - Retrying Test verifyLoginWithvalidCredentials with status FAIL for the try 1 time(s) 
2018-03-08 10:07:02 INFO  Class:55 - =========== Starting verifyLoginWithvalidCredentials=======
2018-03-08 10:07:07 INFO  Class:72 -  Clicked on Sign in[[ChromeDriver: chrome on XP (0022be8a7644042bdbb3550b1f65c4ec)] -> xpath: //A[@class='login']]
2018-03-08 10:07:07 INFO  Class:72 -  Entered the email addresssmanickarajanskf@gmail.com object is [[ChromeDriver: chrome on XP (0022be8a7644042bdbb3550b1f65c4ec)] -> xpath: //INPUT[@id='email']]
2018-03-08 10:07:07 INFO  Class:72 -  Entered the email addresssubrajsub object is [[ChromeDriver: chrome on XP (0022be8a7644042bdbb3550b1f65c4ec)] -> xpath: //INPUT[@id='passwd']]
2018-03-08 10:08:07 INFO  Class:152 - test failure
2018-03-08 10:08:08 INFO  Class:55 - =========== Starting verifyLoginWithvalidCredentials=======
2018-03-08 10:08:12 INFO  Class:72 -  Clicked on Sign in[[ChromeDriver: chrome on XP (0022be8a7644042bdbb3550b1f65c4ec)] -> xpath: //A[@class='login']]
2018-03-08 10:08:12 INFO  Class:72 -  Entered the email addressabc5@gmail.com object is [[ChromeDriver: chrome on XP (0022be8a7644042bdbb3550b1f65c4ec)] -> xpath: //INPUT[@id='email']]
2018-03-08 10:08:13 INFO  Class:72 -  Entered the email addresswelcome object is [[ChromeDriver: chrome on XP (0022be8a7644042bdbb3550b1f65c4ec)] -> xpath: //INPUT[@id='passwd']]
2018-03-08 10:09:13 INFO  Class:152 - test failure
2018-03-08 10:09:14 INFO  Class:55 - =========== Starting verifyLoginWithvalidCredentials=======
2018-03-08 10:09:17 INFO  Class:72 -  Clicked on Sign in[[ChromeDriver: chrome on XP (0022be8a7644042bdbb3550b1f65c4ec)] -> xpath: //A[@class='login']]
2018-03-08 10:09:17 INFO  Class:72 -  Entered the email addressabc5@gmail.com object is [[ChromeDriver: chrome on XP (0022be8a7644042bdbb3550b1f65c4ec)] -> xpath: //INPUT[@id='email']]
2018-03-08 10:09:17 INFO  Class:72 -  Entered the email addresswelcome object is [[ChromeDriver: chrome on XP (0022be8a7644042bdbb3550b1f65c4ec)] -> xpath: //INPUT[@id='passwd']]
2018-03-08 10:10:17 INFO  Class:152 - test failure
2018-03-08 10:10:18 INFO  Class:55 - =========== Starting verifyLoginWithvalidCredentials=======
2018-03-08 10:10:21 INFO  Class:72 -  Clicked on Sign in[[ChromeDriver: chrome on XP (0022be8a7644042bdbb3550b1f65c4ec)] -> xpath: //A[@class='login']]
2018-03-08 10:10:21 INFO  Class:72 -  Entered the email addressxyz7@gmail.com object is [[ChromeDriver: chrome on XP (0022be8a7644042bdbb3550b1f65c4ec)] -> xpath: //INPUT[@id='email']]
2018-03-08 10:10:21 INFO  Class:72 -  Entered the email addresswelcome2 object is [[ChromeDriver: chrome on XP (0022be8a7644042bdbb3550b1f65c4ec)] -> xpath: //INPUT[@id='passwd']]
2018-03-08 10:11:22 INFO  Class:152 - test failure
2018-03-08 10:11:22 INFO  Class:55 - =========== Starting verifyLoginWithvalidCredentials=======
2018-03-08 10:11:26 INFO  Class:72 -  Clicked on Sign in[[ChromeDriver: chrome on XP (0022be8a7644042bdbb3550b1f65c4ec)] -> xpath: //A[@class='login']]
2018-03-08 10:11:26 INFO  Class:72 -  Entered the email addressxyz7@gmail.com object is [[ChromeDriver: chrome on XP (0022be8a7644042bdbb3550b1f65c4ec)] -> xpath: //INPUT[@id='email']]
2018-03-08 10:11:26 INFO  Class:72 -  Entered the email addresswelcome2 object is [[ChromeDriver: chrome on XP (0022be8a7644042bdbb3550b1f65c4ec)] -> xpath: //INPUT[@id='passwd']]
2018-03-08 10:12:26 INFO  Class:152 - test failure
2018-03-08 10:12:28 INFO  Class:209 - browser closed
